<?xml version="1.0" encoding="UTF-8"?>
<testng-results ignored="0" total="2" passed="2" failed="0" skipped="0">
  <reporter-output>
  </reporter-output>
  <suite started-at="2021-07-13T18:31:40 IST" name="Default suite" finished-at="2021-07-13T18:31:40 IST" duration-ms="74">
    <groups>
    </groups>
    <test started-at="2021-07-13T18:31:40 IST" name="Default test" finished-at="2021-07-13T18:31:40 IST" duration-ms="74">
      <class name="MathServiceTest">
        <test-method is-config="true" signature="beforesuite()[pri:0, instance:MathServiceTest@ef9296d]" started-at="2021-07-13T18:31:40 IST" name="beforesuite" finished-at="2021-07-13T18:31:40 IST" duration-ms="11" status="PASS">
          <reporter-output>
          </reporter-output>
        </test-method> <!-- beforesuite -->
        <test-method is-config="true" signature="beforetest()[pri:0, instance:MathServiceTest@ef9296d]" started-at="2021-07-13T18:31:40 IST" name="beforetest" finished-at="2021-07-13T18:31:40 IST" duration-ms="0" status="PASS">
          <reporter-output>
          </reporter-output>
        </test-method> <!-- beforetest -->
        <test-method is-config="true" signature="beforeclass()[pri:0, instance:MathServiceTest@ef9296d]" started-at="2021-07-13T18:31:40 IST" name="beforeclass" finished-at="2021-07-13T18:31:40 IST" duration-ms="0" status="PASS">
          <reporter-output>
          </reporter-output>
        </test-method> <!-- beforeclass -->
        <test-method is-config="true" signature="beforemethod()[pri:0, instance:MathServiceTest@ef9296d]" started-at="2021-07-13T18:31:40 IST" name="beforemethod" finished-at="2021-07-13T18:31:40 IST" duration-ms="1" status="PASS">
          <reporter-output>
          </reporter-output>
        </test-method> <!-- beforemethod -->
        <test-method signature="add1Test()[pri:0, instance:MathServiceTest@ef9296d]" started-at="2021-07-13T18:31:40 IST" name="add1Test" finished-at="2021-07-13T18:31:40 IST" duration-ms="12" status="PASS">
          <reporter-output>
          </reporter-output>
        </test-method> <!-- add1Test -->
        <test-method is-config="true" signature="aftermethod()[pri:0, instance:MathServiceTest@ef9296d]" started-at="2021-07-13T18:31:40 IST" name="aftermethod" finished-at="2021-07-13T18:31:40 IST" duration-ms="1" status="PASS">
          <reporter-output>
          </reporter-output>
        </test-method> <!-- aftermethod -->
        <test-method is-config="true" signature="beforemethod()[pri:0, instance:MathServiceTest@ef9296d]" started-at="2021-07-13T18:31:40 IST" name="beforemethod" finished-at="2021-07-13T18:31:40 IST" duration-ms="1" status="PASS">
          <reporter-output>
          </reporter-output>
        </test-method> <!-- beforemethod -->
        <test-method signature="mul1Test()[pri:0, instance:MathServiceTest@ef9296d]" started-at="2021-07-13T18:31:40 IST" name="mul1Test" finished-at="2021-07-13T18:31:40 IST" duration-ms="3" status="PASS">
          <reporter-output>
          </reporter-output>
        </test-method> <!-- mul1Test -->
        <test-method is-config="true" signature="aftermethod()[pri:0, instance:MathServiceTest@ef9296d]" started-at="2021-07-13T18:31:40 IST" name="aftermethod" finished-at="2021-07-13T18:31:40 IST" duration-ms="1" status="PASS">
          <reporter-output>
          </reporter-output>
        </test-method> <!-- aftermethod -->
        <test-method is-config="true" signature="afterclass()[pri:0, instance:MathServiceTest@ef9296d]" started-at="2021-07-13T18:31:40 IST" name="afterclass" finished-at="2021-07-13T18:31:40 IST" duration-ms="0" status="PASS">
          <reporter-output>
          </reporter-output>
        </test-method> <!-- afterclass -->
        <test-method is-config="true" signature="aftertest()[pri:0, instance:MathServiceTest@ef9296d]" started-at="2021-07-13T18:31:40 IST" name="aftertest" finished-at="2021-07-13T18:31:40 IST" duration-ms="0" status="PASS">
          <reporter-output>
          </reporter-output>
        </test-method> <!-- aftertest -->
        <test-method is-config="true" signature="aftersuite()[pri:0, instance:MathServiceTest@ef9296d]" started-at="2021-07-13T18:31:40 IST" name="aftersuite" finished-at="2021-07-13T18:31:40 IST" duration-ms="0" status="PASS">
          <reporter-output>
          </reporter-output>
        </test-method> <!-- aftersuite -->
      </class> <!-- MathServiceTest -->
    </test> <!-- Default test -->
  </suite> <!-- Default suite -->
</testng-results>
