<?xml version="1.0" encoding="UTF-8"?>
<!-- Generated by org.testng.reporters.JUnitXMLReporter -->
<testsuite ignored="2" hostname="Hero-PC" failures="0" tests="2" name="Test1-Groups" time="0.114" errors="0" timestamp="2021-07-13T10:59:54 IST">
  <testcase classname="SampleGroups" name="first" time="0.017"/>
  <testcase classname="SampleGroups" name="third" time="0.007"/>
  <testcase classname="SampleGroups" name="fourth" time="0.0">
    <ignored/>
  </testcase> <!-- fourth -->
  <testcase classname="SampleGroups" name="second" time="0.0">
    <ignored/>
  </testcase> <!-- second -->
</testsuite> <!-- Test1-Groups -->
